<?xml version="1.0" encoding="UTF-8"?>
<testng-results skipped="0" failed="0" ignored="0" total="2" passed="2">
  <reporter-output>
  </reporter-output>
  <suite name="Default suite" duration-ms="18740" started-at="2020-05-14T17:14:55Z" finished-at="2020-05-14T17:15:13Z">
    <groups>
    </groups>
    <test name="Default test" duration-ms="18740" started-at="2020-05-14T17:14:55Z" finished-at="2020-05-14T17:15:13Z">
      <class name="website.FlightserachTest">
        <test-method status="PASS" signature="launching()[pri:0, instance:website.FlightserachTest@e25b2fe]" name="launching" is-config="true" duration-ms="11420" started-at="2020-05-14T17:14:55Z" finished-at="2020-05-14T17:15:06Z">
          <reporter-output>
          </reporter-output>
        </test-method> <!-- launching -->
        <test-method status="PASS" signature="fs()[pri:0, instance:website.FlightserachTest@e25b2fe]" name="fs" duration-ms="5716" started-at="2020-05-14T17:15:06Z" finished-at="2020-05-14T17:15:12Z">
          <reporter-output>
          </reporter-output>
        </test-method> <!-- fs -->
        <test-method status="PASS" signature="ss()[pri:0, instance:website.FlightserachTest@e25b2fe]" name="ss" duration-ms="3" started-at="2020-05-14T17:15:12Z" finished-at="2020-05-14T17:15:12Z">
          <reporter-output>
          </reporter-output>
        </test-method> <!-- ss -->
        <test-method status="PASS" signature="teardown()[pri:0, instance:website.FlightserachTest@e25b2fe]" name="teardown" is-config="true" duration-ms="1346" started-at="2020-05-14T17:15:12Z" finished-at="2020-05-14T17:15:13Z">
          <reporter-output>
          </reporter-output>
        </test-method> <!-- teardown -->
      </class> <!-- website.FlightserachTest -->
    </test> <!-- Default test -->
  </suite> <!-- Default suite -->
</testng-results>
